The following modules were not unloaded:
  (Use "module --force purge" to unload all):

  1) CCconfig         4) imkl/2020.1.217    7) libfabric/1.10.1
  2) gentoo/2020      5) intel/2020.1.217   8) openmpi/4.0.3
  3) gcccore/.9.3.0   6) ucx/1.8.0          9) StdEnv/2020

Lmod is automatically replacing "intel/2020.1.217" with "gcc/9.3.0".


Due to MODULEPATH changes, the following have been reloaded:
  1) libfabric/1.10.1     2) openmpi/4.0.3     3) ucx/1.8.0

The environment has already been set by the module.
Not making any changes.
The environment has already been set by the module.
Not making any changes.
-I: Adding /cvmfs/restricted.computecanada.ca/easybuild/software/2020/avx2/MPI/gcc9/cuda11.4/openmpi4/amber/20.12-20.15/dat/leap/prep to search path.
-I: Adding /cvmfs/restricted.computecanada.ca/easybuild/software/2020/avx2/MPI/gcc9/cuda11.4/openmpi4/amber/20.12-20.15/dat/leap/lib to search path.
-I: Adding /cvmfs/restricted.computecanada.ca/easybuild/software/2020/avx2/MPI/gcc9/cuda11.4/openmpi4/amber/20.12-20.15/dat/leap/parm to search path.
-I: Adding /cvmfs/restricted.computecanada.ca/easybuild/software/2020/avx2/MPI/gcc9/cuda11.4/openmpi4/amber/20.12-20.15/dat/leap/cmd to search path.
-f: Source PPO..

Welcome to LEaP!
(no leaprc in search path)

Error: Could not open file PPO.: not found
-I: Adding /cvmfs/restricted.computecanada.ca/easybuild/software/2020/avx2/MPI/gcc9/cuda11.4/openmpi4/amber/20.12-20.15/dat/leap/prep to search path.
-I: Adding /cvmfs/restricted.computecanada.ca/easybuild/software/2020/avx2/MPI/gcc9/cuda11.4/openmpi4/amber/20.12-20.15/dat/leap/lib to search path.
-I: Adding /cvmfs/restricted.computecanada.ca/easybuild/software/2020/avx2/MPI/gcc9/cuda11.4/openmpi4/amber/20.12-20.15/dat/leap/parm to search path.
-I: Adding /cvmfs/restricted.computecanada.ca/easybuild/software/2020/avx2/MPI/gcc9/cuda11.4/openmpi4/amber/20.12-20.15/dat/leap/cmd to search path.
-f: Source VRT.in.

Welcome to LEaP!
(no leaprc in search path)
Sourcing: ./VRT.in
----- Source: /cvmfs/restricted.computecanada.ca/easybuild/software/2020/avx2/MPI/gcc9/cuda11.4/openmpi4/amber/20.12-20.15/dat/leap/cmd/leaprc.gaff
----- Source of /cvmfs/restricted.computecanada.ca/easybuild/software/2020/avx2/MPI/gcc9/cuda11.4/openmpi4/amber/20.12-20.15/dat/leap/cmd/leaprc.gaff done
Log file: ./leap.log
Loading parameters: /cvmfs/restricted.computecanada.ca/easybuild/software/2020/avx2/MPI/gcc9/cuda11.4/openmpi4/amber/20.12-20.15/dat/leap/parm/gaff.dat
Reading title:
AMBER General Force Field for organic molecules (Version 1.81, May 2017)
Loading Mol2 file: ../ligand_files/VRT.mol2
Reading MOLECULE named vert8
Loading parameters: ../ligand_files/VRT.frcmod
Reading force field modification type file (frcmod)
Reading title:
Remark line goes here
Building topology.
Building atom parameters.
	Quit

Exiting LEaP: Errors = 0; Warnings = 0; Notes = 0.
-I: Adding /cvmfs/restricted.computecanada.ca/easybuild/software/2020/avx2/MPI/gcc9/cuda11.4/openmpi4/amber/20.12-20.15/dat/leap/prep to search path.
-I: Adding /cvmfs/restricted.computecanada.ca/easybuild/software/2020/avx2/MPI/gcc9/cuda11.4/openmpi4/amber/20.12-20.15/dat/leap/lib to search path.
-I: Adding /cvmfs/restricted.computecanada.ca/easybuild/software/2020/avx2/MPI/gcc9/cuda11.4/openmpi4/amber/20.12-20.15/dat/leap/parm to search path.
-I: Adding /cvmfs/restricted.computecanada.ca/easybuild/software/2020/avx2/MPI/gcc9/cuda11.4/openmpi4/amber/20.12-20.15/dat/leap/cmd to search path.
-f: Source complex.in.

Welcome to LEaP!
(no leaprc in search path)
Sourcing: ./complex.in
----- Source: /cvmfs/restricted.computecanada.ca/easybuild/software/2020/avx2/MPI/gcc9/cuda11.4/openmpi4/amber/20.12-20.15/dat/leap/cmd/leaprc.protein.ff14SB
----- Source of /cvmfs/restricted.computecanada.ca/easybuild/software/2020/avx2/MPI/gcc9/cuda11.4/openmpi4/amber/20.12-20.15/dat/leap/cmd/leaprc.protein.ff14SB done
Log file: ./leap.log
Loading parameters: /cvmfs/restricted.computecanada.ca/easybuild/software/2020/avx2/MPI/gcc9/cuda11.4/openmpi4/amber/20.12-20.15/dat/leap/parm/parm10.dat
Reading title:
PARM99 + frcmod.ff99SB + frcmod.parmbsc0 + OL3 for RNA
Loading parameters: /cvmfs/restricted.computecanada.ca/easybuild/software/2020/avx2/MPI/gcc9/cuda11.4/openmpi4/amber/20.12-20.15/dat/leap/parm/frcmod.ff14SB
Reading force field modification type file (frcmod)
Reading title:
ff14SB protein backbone and sidechain parameters
Loading library: /cvmfs/restricted.computecanada.ca/easybuild/software/2020/avx2/MPI/gcc9/cuda11.4/openmpi4/amber/20.12-20.15/dat/leap/lib/amino12.lib
Loading library: /cvmfs/restricted.computecanada.ca/easybuild/software/2020/avx2/MPI/gcc9/cuda11.4/openmpi4/amber/20.12-20.15/dat/leap/lib/aminoct12.lib
Loading library: /cvmfs/restricted.computecanada.ca/easybuild/software/2020/avx2/MPI/gcc9/cuda11.4/openmpi4/amber/20.12-20.15/dat/leap/lib/aminont12.lib
----- Source: /cvmfs/restricted.computecanada.ca/easybuild/software/2020/avx2/MPI/gcc9/cuda11.4/openmpi4/amber/20.12-20.15/dat/leap/cmd/leaprc.gaff
----- Source of /cvmfs/restricted.computecanada.ca/easybuild/software/2020/avx2/MPI/gcc9/cuda11.4/openmpi4/amber/20.12-20.15/dat/leap/cmd/leaprc.gaff done
Log file: ./leap.log
Loading parameters: /cvmfs/restricted.computecanada.ca/easybuild/software/2020/avx2/MPI/gcc9/cuda11.4/openmpi4/amber/20.12-20.15/dat/leap/parm/gaff.dat
Reading title:
AMBER General Force Field for organic molecules (Version 1.81, May 2017)
----- Source: /cvmfs/restricted.computecanada.ca/easybuild/software/2020/avx2/MPI/gcc9/cuda11.4/openmpi4/amber/20.12-20.15/dat/leap/cmd/leaprc.water.tip3p
----- Source of /cvmfs/restricted.computecanada.ca/easybuild/software/2020/avx2/MPI/gcc9/cuda11.4/openmpi4/amber/20.12-20.15/dat/leap/cmd/leaprc.water.tip3p done
Loading library: /cvmfs/restricted.computecanada.ca/easybuild/software/2020/avx2/MPI/gcc9/cuda11.4/openmpi4/amber/20.12-20.15/dat/leap/lib/atomic_ions.lib
Loading library: /cvmfs/restricted.computecanada.ca/easybuild/software/2020/avx2/MPI/gcc9/cuda11.4/openmpi4/amber/20.12-20.15/dat/leap/lib/solvents.lib
Loading parameters: /cvmfs/restricted.computecanada.ca/easybuild/software/2020/avx2/MPI/gcc9/cuda11.4/openmpi4/amber/20.12-20.15/dat/leap/parm/frcmod.tip3p
Reading force field modification type file (frcmod)
Reading title:
This is the additional/replacement parameter set for TIP3P water
Loading parameters: /cvmfs/restricted.computecanada.ca/easybuild/software/2020/avx2/MPI/gcc9/cuda11.4/openmpi4/amber/20.12-20.15/dat/leap/parm/frcmod.ions1lm_126_tip3p
Reading force field modification type file (frcmod)
Reading title:
Li/Merz ion parameters of monovalent ions for TIP3P water model (12-6 normal usage set)
Loading parameters: /cvmfs/restricted.computecanada.ca/easybuild/software/2020/avx2/MPI/gcc9/cuda11.4/openmpi4/amber/20.12-20.15/dat/leap/parm/frcmod.ionsjc_tip3p
Reading force field modification type file (frcmod)
Reading title:
Monovalent ion parameters for Ewald and TIP3P water from Joung & Cheatham JPCB (2008)
Loading parameters: /cvmfs/restricted.computecanada.ca/easybuild/software/2020/avx2/MPI/gcc9/cuda11.4/openmpi4/amber/20.12-20.15/dat/leap/parm/frcmod.ions234lm_126_tip3p
Reading force field modification type file (frcmod)
Reading title:
Li/Merz ion parameters of divalent to tetravalent ions for TIP3P water model (12-6 normal usage set)
Loading parameters: ../ligand_files/PPO.frcmod
Reading force field modification type file (frcmod)
Reading title:
Remark line goes here
Loading parameters: ../ligand_files/VRT.frcmod
Reading force field modification type file (frcmod)
Reading title:
Remark line goes here
Loading library: ../ligand_files/PPO.lib
Loading library: ../ligand_files/VRT.lib
Loading PDB file: ../TXS-vert8_start.pdb
 (starting new molecule for chain A)
  total atoms in file: 12609
Adding 22 counter ions to "complex" using 1A grid
Grid extends from solute vdw + 3.89  to  9.99
Resolution:      1.00 Angstrom.
 (no solvent present)
Calculating grid charges
Placed Na+ in complex at (56.02, 12.08, 87.07).
Placed Na+ in complex at (60.02, 35.08, 58.07).
Placed Na+ in complex at (68.02, -9.92, 72.07).
Placed Na+ in complex at (25.02, 50.08, 59.07).
Placed Na+ in complex at (68.02, 7.08, 79.07).
Placed Na+ in complex at (34.02, 19.08, 92.07).
Placed Na+ in complex at (54.02, 49.08, 73.07).
Placed Na+ in complex at (45.02, 1.08, 34.07).
Placed Na+ in complex at (41.02, 75.08, 45.07).
Placed Na+ in complex at (60.02, 72.08, 37.07).
Placed Na+ in complex at (32.02, 1.08, 102.07).
Placed Na+ in complex at (57.02, 32.08, 66.07).
Placed Na+ in complex at (24.02, -14.92, 67.07).
Placed Na+ in complex at (63.02, -2.92, 65.07).
Placed Na+ in complex at (12.02, 45.08, 46.07).
Placed Na+ in complex at (44.02, -27.92, 83.07).
Placed Na+ in complex at (59.02, 11.08, 33.07).
Placed Na+ in complex at (17.02, 25.08, 74.07).
Placed Na+ in complex at (38.02, -5.92, 58.07).
Placed Na+ in complex at (54.02, 55.08, 26.07).
Placed Na+ in complex at (47.02, -3.92, 102.07).
Placed Na+ in complex at (59.02, 44.08, 60.07).

Done adding ions.
Scaling up box by a factor of 1.135715 to meet diagonal cut criterion
  Solute vdw bounding box:              58.564 117.968 72.281
  Total bounding box for atom centers:  140.682 140.682 140.682
      (box expansion for 'iso' is 156.3%)
  Solvent unit box:                     18.774 18.774 18.774
  Volume: 1422051.510 A^3 (oct)
  Total mass 793041.365 amu,  Density 0.926 g/cc
  Added 38967 residues.
Adding 256 counter ions to "complex". 38711 solvent molecules will remain.
0: Placed Na+ in complex at (22.88, 39.96, -16.08).
Placed Cl- in complex at (23.75, -40.73, 35.89).
0: Placed Na+ in complex at (24.29, 23.80, 36.06).
Placed Cl- in complex at (50.89, 13.16, 36.30).
0: Placed Na+ in complex at (-12.01, 45.94, 21.80).
Placed Cl- in complex at (8.49, -8.90, -46.14).
0: Placed Na+ in complex at (36.95, 15.63, -43.69).
Placed Cl- in complex at (23.61, -28.87, 42.40).
0: Placed Na+ in complex at (59.26, -10.43, 44.09).
Placed Cl- in complex at (14.26, 68.57, -2.21).
0: Placed Na+ in complex at (-49.29, -35.29, 24.95).
Placed Cl- in complex at (42.11, 26.12, -13.24).
0: Placed Na+ in complex at (11.65, 41.16, -31.73).
Placed Cl- in complex at (13.60, 62.39, -24.44).
0: Placed Na+ in complex at (9.91, 64.96, 24.98).
Placed Cl- in complex at (22.28, -44.71, 10.83).
0: Placed Na+ in complex at (-16.35, -20.46, 30.00).
Placed Cl- in complex at (-20.48, -21.36, 37.03).
0: Placed Na+ in complex at (15.11, -15.78, 65.01).
Placed Cl- in complex at (-10.67, 37.19, -49.39).
0: Placed Na+ in complex at (-14.90, -17.69, 32.34).
Placed Cl- in complex at (13.45, -37.51, 9.51).
0: Placed Na+ in complex at (-43.27, 11.51, 4.26).
Placed Cl- in complex at (7.21, -8.85, 55.88).
0: Placed Na+ in complex at (-43.83, -14.14, -2.81).
Placed Cl- in complex at (-17.25, 53.95, -30.41).
0: Placed Na+ in complex at (-39.89, -6.57, 15.98).
Placed Cl- in complex at (-29.76, 1.07, 55.21).
0: Placed Na+ in complex at (27.48, 13.95, -11.24).
Placed Cl- in complex at (-21.41, -34.26, -34.16).
0: Placed Na+ in complex at (11.11, -32.22, -32.40).
Placed Cl- in complex at (-41.75, -35.86, 28.86).
0: Placed Na+ in complex at (57.24, 13.88, 17.09).
Placed Cl- in complex at (-45.66, -23.17, 14.55).
0: Placed Na+ in complex at (-14.66, -52.28, 35.97).
Placed Cl- in complex at (36.68, -1.69, 42.55).
0: Placed Na+ in complex at (42.89, -29.47, 23.74).
Placed Cl- in complex at (-28.53, 4.21, 55.07).
0: Placed Na+ in complex at (29.78, -41.35, 39.85).
Placed Cl- in complex at (28.07, 44.47, -4.35).
0: Placed Na+ in complex at (-9.98, 48.24, -12.94).
Placed Cl- in complex at (13.27, 63.70, 23.34).
0: Placed Na+ in complex at (31.19, 31.94, -9.49).
Placed Cl- in complex at (20.29, 56.08, 23.64).
0: Placed Na+ in complex at (0.94, 51.60, 25.27).
Placed Cl- in complex at (-34.87, 44.75, -32.87).
0: Placed Na+ in complex at (1.48, 32.80, 27.40).
Placed Cl- in complex at (16.23, 63.74, 15.91).
0: Placed Na+ in complex at (-19.04, 10.54, -12.03).
Placed Cl- in complex at (-12.23, -44.60, 16.32).
0: Placed Na+ in complex at (-14.68, -30.78, -49.63).
Placed Cl- in complex at (0.65, -34.13, 30.15).
0: Placed Na+ in complex at (55.81, 33.12, 15.59).
Placed Cl- in complex at (54.62, 29.88, 29.33).
0: Placed Na+ in complex at (24.86, 52.13, -12.02).
Placed Cl- in complex at (5.63, 31.65, 19.39).
0: Placed Na+ in complex at (-5.86, 58.66, -17.82).
Placed Cl- in complex at (10.34, 61.51, 8.68).
0: Placed Na+ in complex at (-17.51, 39.01, 35.60).
Placed Cl- in complex at (32.79, 19.39, 32.21).
0: Placed Na+ in complex at (-60.14, 17.43, -27.13).
Placed Cl- in complex at (-17.50, -1.39, 52.04).
0: Placed Na+ in complex at (-13.80, 54.91, 1.14).
Placed Cl- in complex at (-38.00, 46.61, -29.52).
0: Placed Na+ in complex at (9.95, 29.59, -49.67).
Placed Cl- in complex at (-27.46, -18.10, 4.27).
0: Placed Na+ in complex at (13.45, 31.47, -3.77).
Placed Cl- in complex at (38.34, -37.39, -32.66).
0: Placed Na+ in complex at (-56.22, 10.19, -16.92).
Placed Cl- in complex at (-49.30, 32.76, 25.97).
0: Placed Na+ in complex at (59.88, -4.99, -29.61).
Placed Cl- in complex at (-34.05, 21.77, -2.46).
0: Placed Na+ in complex at (-33.42, -0.94, 42.59).
Placed Cl- in complex at (-31.32, -13.69, -2.80).
0: Placed Na+ in complex at (-19.61, -11.54, -55.10).
Placed Cl- in complex at (50.30, 17.37, 7.24).
0: Placed Na+ in complex at (-17.09, -66.39, -15.36).
Placed Cl- in complex at (-18.17, -52.43, -22.28).
0: Placed Na+ in complex at (42.21, 25.10, -4.97).
Placed Cl- in complex at (-26.91, 1.49, -25.44).
0: Placed Na+ in complex at (-59.01, -26.61, -33.46).
Placed Cl- in complex at (2.21, 40.12, 33.60).
0: Placed Na+ in complex at (27.68, -53.98, -29.91).
Placed Cl- in complex at (-16.94, -12.02, 43.98).
0: Placed Na+ in complex at (-51.99, -43.86, -14.53).
Placed Cl- in complex at (-6.25, -5.07, -41.91).
0: Placed Na+ in complex at (19.48, 7.57, -60.55).
Placed Cl- in complex at (33.12, -29.38, 37.38).
0: Placed Na+ in complex at (29.04, -32.16, -30.70).
Placed Cl- in complex at (5.99, -45.52, 19.55).
0: Placed Na+ in complex at (47.07, -9.36, 45.22).
Placed Cl- in complex at (37.41, 16.21, 19.44).
0: Placed Na+ in complex at (-18.16, -70.27, 8.00).
Placed Cl- in complex at (-16.71, 27.66, 41.93).
0: Placed Na+ in complex at (5.60, -24.24, -5.15).
Placed Cl- in complex at (37.28, -32.80, -18.48).
0: Placed Na+ in complex at (-25.48, -24.28, -16.46).
Placed Cl- in complex at (-11.90, -11.11, 58.83).
0: Placed Na+ in complex at (-8.63, -5.54, -27.80).
Placed Cl- in complex at (42.70, 21.40, -25.62).
0: Placed Na+ in complex at (-30.13, 34.75, 24.98).
Placed Cl- in complex at (-11.74, -39.26, 29.32).
0: Placed Na+ in complex at (-59.38, 24.54, -29.66).
Placed Cl- in complex at (-8.76, -63.72, -3.93).
0: Placed Na+ in complex at (-7.30, 32.65, -39.24).
Placed Cl- in complex at (-39.72, -44.33, 13.49).
0: Placed Na+ in complex at (-44.29, -11.69, -1.57).
Placed Cl- in complex at (-43.33, -47.49, 10.73).
0: Placed Na+ in complex at (7.36, -46.63, 17.61).
Placed Cl- in complex at (-6.66, 13.93, 52.04).
0: Placed Na+ in complex at (19.68, 27.20, -24.15).
Placed Cl- in complex at (-0.28, 46.98, -8.52).
0: Placed Na+ in complex at (31.63, -31.73, -23.12).
Placed Cl- in complex at (10.17, -59.88, -21.95).
0: Placed Na+ in complex at (2.15, 14.04, -60.77).
Placed Cl- in complex at (51.47, -33.94, -9.95).
0: Placed Na+ in complex at (7.36, -23.64, -48.77).
Placed Cl- in complex at (-58.01, -31.70, -24.10).
0: Placed Na+ in complex at (-30.59, -13.54, -37.26).
Placed Cl- in complex at (45.24, 10.57, -23.00).
0: Placed Na+ in complex at (-44.75, -21.60, 3.05).
Placed Cl- in complex at (23.88, 17.46, -14.53).
0: Placed Na+ in complex at (-23.00, -45.40, -23.69).
Placed Cl- in complex at (0.27, -47.55, 20.71).
0: Placed Na+ in complex at (-27.54, -17.99, 35.29).
Placed Cl- in complex at (27.42, -17.46, 52.25).
0: Placed Na+ in complex at (42.43, 18.97, -28.12).
Placed Cl- in complex at (-46.67, -29.24, -1.01).
0: Placed Na+ in complex at (1.92, 58.44, 33.77).
Placed Cl- in complex at (-37.05, -4.59, -17.96).
0: Placed Na+ in complex at (-38.93, 46.29, -17.14).
Placed Cl- in complex at (43.43, -0.06, -17.30).
0: Placed Na+ in complex at (-28.88, -6.01, 0.21).
Placed Cl- in complex at (19.24, 10.62, 56.52).
0: Placed Na+ in complex at (-0.47, -21.80, -42.63).
Placed Cl- in complex at (0.81, 25.83, -31.73).
0: Placed Na+ in complex at (-49.31, 31.54, -33.66).
Placed Cl- in complex at (42.92, 8.81, 5.82).
0: Placed Na+ in complex at (-3.89, -47.13, 38.79).
Placed Cl- in complex at (-23.00, -45.40, 2.86).
0: Placed Na+ in complex at (0.03, -26.06, 23.16).
Placed Cl- in complex at (23.51, 34.47, -6.95).
0: Placed Na+ in complex at (21.74, -50.06, 27.34).
Placed Cl- in complex at (0.65, -57.12, 16.88).
0: Placed Na+ in complex at (31.73, 5.00, 36.81).
Placed Cl- in complex at (35.56, -16.78, -36.01).
0: Placed Na+ in complex at (18.05, 29.47, -10.50).
Placed Cl- in complex at (54.84, -3.47, 3.60).
0: Placed Na+ in complex at (-37.75, -16.57, -44.98).
Placed Cl- in complex at (-34.87, -24.23, -19.59).
0: Placed Na+ in complex at (-2.30, -29.30, 39.95).
Placed Cl- in complex at (52.95, 41.45, -13.24).
0: Placed Na+ in complex at (21.02, -9.26, 27.48).
Placed Cl- in complex at (-14.15, -35.75, 9.65).
0: Placed Na+ in complex at (-40.93, -12.95, -29.76).
Placed Cl- in complex at (42.05, -24.75, -18.77).
0: Placed Na+ in complex at (12.67, -49.84, 32.88).
Placed Cl- in complex at (14.55, 13.64, -21.15).
0: Placed Na+ in complex at (-33.02, 2.94, -12.96).
Placed Cl- in complex at (-21.96, -29.67, -35.07).
0: Placed Na+ in complex at (-12.14, -32.42, 21.05).
Placed Cl- in complex at (27.67, 8.13, 32.83).
0: Placed Na+ in complex at (31.46, -41.77, -20.83).
Placed Cl- in complex at (39.47, 13.81, 25.13).
0: Placed Na+ in complex at (-55.00, -4.60, 8.40).
Placed Cl- in complex at (-54.86, -1.60, 40.76).
0: Placed Na+ in complex at (26.64, -3.00, 41.93).
Placed Cl- in complex at (3.34, -1.73, 36.23).
0: Placed Na+ in complex at (0.03, -26.06, -56.49).
Placed Cl- in complex at (60.71, 19.38, 26.05).
0: Placed Na+ in complex at (27.28, 6.42, 21.40).
Placed Cl- in complex at (-40.97, 19.42, -1.57).
0: Placed Na+ in complex at (42.03, -44.71, -9.49).
Placed Cl- in complex at (59.76, -20.89, 20.00).
0: Placed Na+ in complex at (11.44, -60.04, -15.72).
Placed Cl- in complex at (-24.41, -26.02, 13.30).
0: Placed Na+ in complex at (11.28, -34.01, -10.50).
Placed Cl- in complex at (17.86, 52.61, 15.73).
0: Placed Na+ in complex at (34.40, 18.23, -36.28).
Placed Cl- in complex at (-43.86, 33.60, -12.96).
0: Placed Na+ in complex at (-51.71, 33.16, 9.35).
Placed Cl- in complex at (-46.09, 35.04, -23.22).
0: Placed Na+ in complex at (-43.09, 27.06, -34.16).
Placed Cl- in complex at (-46.84, 32.59, 31.06).
0: Placed Na+ in complex at (35.75, -15.18, -44.80).
Placed Cl- in complex at (-31.81, -35.93, 32.74).
0: Placed Na+ in complex at (4.91, -27.63, -14.88).
Placed Cl- in complex at (-1.25, -35.19, -13.24).
0: Placed Na+ in complex at (38.83, -12.26, -57.79).
Placed Cl- in complex at (23.62, 22.65, -34.46).
0: Placed Na+ in complex at (41.57, -19.95, -17.90).
Placed Cl- in complex at (38.95, 50.79, -0.64).
0: Placed Na+ in complex at (-56.82, 2.56, 45.75).
Placed Cl- in complex at (49.67, 26.07, 35.14).
0: Placed Na+ in complex at (-27.19, 10.20, -23.10).
Placed Cl- in complex at (24.07, -49.56, 38.25).
0: Placed Na+ in complex at (-19.76, 4.79, -32.61).
Placed Cl- in complex at (20.38, -9.43, 60.88).
0: Placed Na+ in complex at (27.99, -4.59, 35.14).
Placed Cl- in complex at (-46.95, 30.88, 8.07).
0: Placed Na+ in complex at (-51.07, 30.41, 29.27).
Placed Cl- in complex at (26.58, 2.10, -53.68).
0: Placed Na+ in complex at (18.93, -48.43, 24.90).
Placed Cl- in complex at (-44.14, 35.66, -16.29).
0: Placed Na+ in complex at (-7.13, 28.97, -21.15).
Placed Cl- in complex at (44.83, 2.14, -52.25).
0: Placed Na+ in complex at (-27.41, 30.57, -56.65).
Placed Cl- in complex at (31.46, -18.78, 45.55).
0: Placed Na+ in complex at (-7.61, -7.51, 48.12).
Placed Cl- in complex at (11.11, -34.26, 18.94).
0: Placed Na+ in complex at (13.39, -19.28, 19.39).
Placed Cl- in complex at (16.87, 57.70, -20.18).
0: Placed Na+ in complex at (4.90, -28.56, 52.52).
Placed Cl- in complex at (-35.83, 25.56, 9.65).
0: Placed Na+ in complex at (-28.82, -26.13, -46.20).
Placed Cl- in complex at (4.45, -14.44, -64.79).
0: Placed Na+ in complex at (-30.22, -22.71, 6.59).
Placed Cl- in complex at (-29.72, 1.34, -20.25).
0: Placed Na+ in complex at (11.70, -13.08, -66.04).
Placed Cl- in complex at (59.88, -4.99, -3.06).
0: Placed Na+ in complex at (-35.57, 29.66, -20.18).
Placed Cl- in complex at (-5.86, 12.67, 61.84).
0: Placed Na+ in complex at (-25.16, -28.72, 4.51).
Placed Cl- in complex at (32.19, -14.51, 21.50).
0: Placed Na+ in complex at (-40.75, 0.81, 22.79).
Placed Cl- in complex at (-56.93, 42.96, 0.03).
0: Placed Na+ in complex at (-34.87, -1.23, -32.87).
Placed Cl- in complex at (40.02, 34.06, 29.66).
0: Placed Na+ in complex at (-8.77, -19.20, -41.82).
Placed Cl- in complex at (18.94, -33.69, -53.08).
0: Placed Na+ in complex at (-1.06, 27.21, -34.10).
Placed Cl- in complex at (40.04, 40.89, 9.65).
0: Placed Na+ in complex at (60.01, 6.22, 25.54).
Placed Cl- in complex at (49.52, 23.64, -35.49).
0: Placed Na+ in complex at (-26.91, 24.48, -12.16).
Placed Cl- in complex at (7.02, -44.61, -30.40).
0: Placed Na+ in complex at (58.84, -21.93, -23.92).
Placed Cl- in complex at (-19.75, 24.78, 55.67).
0: Placed Na+ in complex at (-37.33, 27.04, -20.18).
Placed Cl- in complex at (-9.90, 13.28, -67.66).
0: Placed Na+ in complex at (29.77, -33.10, 51.45).
Placed Cl- in complex at (34.88, -9.09, -52.63).
0: Placed Na+ in complex at (-1.79, 33.70, -4.63).
Placed Cl- in complex at (28.67, 30.53, 30.03).
0: Placed Na+ in complex at (54.65, 24.26, 13.70).
Placed Cl- in complex at (-37.72, -6.67, 32.66).
0: Placed Na+ in complex at (-9.16, 12.66, -52.56).
Placed Cl- in complex at (-43.68, -52.84, -18.32).
0: Placed Na+ in complex at (28.63, 44.47, -1.42).
Placed Cl- in complex at (-33.96, -27.59, 9.35).
0: Placed Na+ in complex at (-12.17, 16.61, -9.49).
Placed Cl- in complex at (-48.85, -23.21, -12.07).
0: Placed Na+ in complex at (6.03, -26.61, 19.65).
Placed Cl- in complex at (-15.16, -41.94, -27.05).
0: Placed Na+ in complex at (21.70, -47.49, 10.73).
Placed Cl- in complex at (-33.82, 28.90, -32.05).
Checking Unit.
Building topology.
Building atom parameters.
Building bond parameters.
Building angle parameters.
Building proper torsion parameters.
Building improper torsion parameters.
 total 2626 improper torsions applied
Building H-Bond parameters.
Incorporating Non-Bonded adjustments.
Not Marking per-residue atom chain types.
Marking per-residue atom chain types.
  (Residues lacking connect0/connect1 - 
   these don't have chain types marked:

	res	total affected

	CVAL	1
	NMET	1
	PPO	1
	VRT	1
	WAT	38711
  )
 (no restraints)
	Quit

Exiting LEaP: Errors = 0; Warnings = 0; Notes = 0.
